<?xml version="1.0" encoding="UTF-8"?>
<!-- Generated by org.testng.reporters.JUnitXMLReporter -->
<testsuite hostname="DESKTOP-P88FQBC" ignored="0" name="Facebook" tests="4" failures="0" timestamp="20 Apr 2020 23:45:26 GMT" time="58.942" errors="0">
  <testcase name="testTypingOnLogIn" time="0.36" classname="facebookhome.LoginTest"/>
  <testcase name="testSignUp" time="2.174" classname="facebookhome.SignUpTest"/>
  <testcase name="link" time="0.063" classname="facebookhome.LinkTest"/>
  <testcase name="linkFb" time="1.165" classname="facebookhome.LinkTest2"/>
</testsuite> <!-- Facebook -->
